This is pdfTeX, Version 3.1415926-2.4-1.40.13 (TeX Live 2012) (format=pdflatex 2012.6.30)  13 NOV 2013 13:53
entering extended mode
 restricted \write18 enabled.
 file:line:error style messages enabled.
 %&-line parsing enabled.
**Sus_enh_v4.tex
(./Sus_enh_v4.tex
LaTeX2e <2011/06/27>
Babel <v3.8m> and hyphenation patterns for english, dumylang, nohyphenation, ge
rman-x-2012-05-30, ngerman-x-2012-05-30, afrikaans, ancientgreek, ibycus, arabi
c, armenian, basque, bulgarian, catalan, pinyin, coptic, croatian, czech, danis
h, dutch, ukenglish, usenglishmax, esperanto, estonian, ethiopic, farsi, finnis
h, french, friulan, galician, german, ngerman, swissgerman, monogreek, greek, h
ungarian, icelandic, assamese, bengali, gujarati, hindi, kannada, malayalam, ma
rathi, oriya, panjabi, tamil, telugu, indonesian, interlingua, irish, italian, 
kurmanji, latin, latvian, lithuanian, mongolian, mongolianlmc, bokmal, nynorsk,
 polish, portuguese, romanian, romansh, russian, sanskrit, serbian, serbianc, s
lovak, slovenian, spanish, swedish, turkish, turkmen, ukrainian, uppersorbian, 
welsh, loaded.
(/usr/local/texlive/2012/texmf-dist/tex/latex/revtex/revtex4-1.cls
Document Class: revtex4-1 2010/07/25/20:33:00 4.1r (http://publish.aps.org/revt
ex4/ for documentation)
 Copyright (c) 2009 The American Physical Society.
 mailto:revtex@aps.org
 Licensed under the LPPL:
http://www.ctan.org/tex-archive/macros/latex/base/lppl.txt
 Arthur Ogawa <arthur_ogawa at sbcglobal dot net>
 Based on work by David Carlisle <david at dcarlisle.demon.co.uk>.
ltxutil[2010/07/25/20:33:00 4.1r utilities package (portions licensed from W. E
. Baxter web at superscript.com)]
LaTeX Info: Redefining \@centercr on input line 308.
Class revtex4-1 Info: Repairing broken LaTeX eqnarray on input line 358.
\eqncolsep=\skip41
Class revtex4-1 Info: Repairing hyperref-unfriendly LaTeX definition of \mpfoot
note on input line 433.
Class revtex4-1 Info: Repairing broken LateX \@sect on input line 755.
\intertabularlinepenalty=\count79
\@tbpen=\count80
\@arstrutbox@hline=\box26
Class revtex4-1 Info: Repairing broken LaTeX \@xbitor on input line 1786.
Class revtex4-1 Info: Making \typeout \long on input line 2046.
ltxfront[2010/07/25/20:33:00 4.1r frontmatter package (AO,DPC)]
\c@affil=\count81
\c@collab=\count82
\absbox=\box27
ltxgrid[2010/07/25/20:33:00 4.1r page grid package (portions licensed from W. E
. Baxter web at superscript.com)]
\c@linecount=\count83
\output@latex=\toks14
\box@size@1=\box28
\box@size@2=\box29
\@protection@box=\box30
\@topmark@saved=\toks15
\footins@saved=\box31
\footins@recovered=\box32
\column@recovered=\box33
\pagesofar=\box34
\footsofar=\box35
\pagegrid@col=\count84
Class revtex4-1 Info: Overriding \@vspace, \@vspacer, \@no@pgbk, \@newline, and
 \\  on input line 5578.
\c@part=\count85
\c@section=\count86
\c@subsection=\count87
\c@subsubsection=\count88
\c@paragraph=\count89
\c@subparagraph=\count90
\abovecaptionskip=\skip42
\belowcaptionskip=\skip43
\c@figure=\count91
\fbox@1=\box36
\c@table=\count92
\fbox@2=\box37
\c@video=\count93
\fbox@4=\box38
\@bibdataout=\write3
\widetext@top=\box39
\widetext@bot=\box40

Class revtex4-1 Warning: No Society specified, using default society aps.

(/usr/local/texlive/2012/texmf-dist/tex/latex/revtex/aps4-1.rtx
File: aps4-1 2010/07/25/20:33:00 4.1r (http://publish.aps.org/revtex4/ for docu
mentation)
Class revtex4-1 Info: RevTeX society APS selected on input line 31.
)
Class revtex4-1 Info: Selecting journal prb on input line 7544.
Class revtex4-1 Info: APS journal PRB selected on input line 7545.


Class revtex4-1 Warning: No type size specified, using default 10.

(/usr/local/texlive/2012/texmf-dist/tex/latex/revtex/aps10pt4-1.rtx
File: aps10pt4-1 2010/07/25/20:33:00 4.1r (http://publish.aps.org/revtex4/ for 
documentation)
Class revtex4-1 Info: RevTeX pointsize 10pt selected on input line 30.
)
(/usr/local/texlive/2012/texmf-dist/tex/latex/textcase/textcase.sty
Package: textcase 2004/10/07 v0.07 Text only upper/lower case changing (DPC)
)
(/usr/local/texlive/2012/texmf-dist/tex/latex/amsfonts/amssymb.sty
Package: amssymb 2009/06/22 v3.00

(/usr/local/texlive/2012/texmf-dist/tex/latex/amsfonts/amsfonts.sty
Package: amsfonts 2009/06/22 v3.00 Basic AMSFonts support
\@emptytoks=\toks16
\symAMSa=\mathgroup4
\symAMSb=\mathgroup5
LaTeX Font Info:    Overwriting math alphabet `\mathfrak' in version `bold'
(Font)                  U/euf/m/n --> U/euf/b/n on input line 96.
))
(/usr/local/texlive/2012/texmf-dist/tex/latex/amsmath/amsmath.sty
Package: amsmath 2000/07/18 v2.13 AMS math features
\@mathmargin=\skip44

For additional information on amsmath, use the `?' option.
(/usr/local/texlive/2012/texmf-dist/tex/latex/amsmath/amstext.sty
Package: amstext 2000/06/29 v2.01

(/usr/local/texlive/2012/texmf-dist/tex/latex/amsmath/amsgen.sty
File: amsgen.sty 1999/11/30 v2.0
\@emptytoks=\toks17
\ex@=\dimen102
)
LaTeX Info: Redefining \text on input line 53.
)
(/usr/local/texlive/2012/texmf-dist/tex/latex/amsmath/amsbsy.sty
Package: amsbsy 1999/11/29 v1.2d
\pmbraise@=\dimen103
)
(/usr/local/texlive/2012/texmf-dist/tex/latex/amsmath/amsopn.sty
Package: amsopn 1999/12/14 v2.01 operator names
)
\inf@bad=\count94
LaTeX Info: Redefining \frac on input line 211.
\uproot@=\count95
\leftroot@=\count96
LaTeX Info: Redefining \overline on input line 307.
\classnum@=\count97
\DOTSCASE@=\count98
LaTeX Info: Redefining \ldots on input line 379.
LaTeX Info: Redefining \dots on input line 382.
LaTeX Info: Redefining \cdots on input line 467.
\Mathstrutbox@=\box41
\strutbox@=\box42
\big@size=\dimen104
LaTeX Font Info:    Redeclaring font encoding OML on input line 567.
LaTeX Font Info:    Redeclaring font encoding OMS on input line 568.
\macc@depth=\count99
\c@MaxMatrixCols=\count100
\dotsspace@=\muskip10
\c@parentequation=\count101
\dspbrk@lvl=\count102
\tag@help=\toks18
\row@=\count103
\column@=\count104
\maxfields@=\count105
\andhelp@=\toks19
\eqnshift@=\dimen105
\alignsep@=\dimen106
\tagshift@=\dimen107
\tagwidth@=\dimen108
\totwidth@=\dimen109
\lineht@=\dimen110
\@envbody=\toks20
\multlinegap=\skip45
\multlinetaggap=\skip46
\mathdisplay@stack=\toks21
LaTeX Info: Redefining \[ on input line 2666.
LaTeX Info: Redefining \] on input line 2667.
)
(/usr/local/texlive/2012/texmf-dist/tex/latex/url/url.sty
\Urlmuskip=\muskip11
Package: url 2006/04/12  ver 3.3  Verb mode for urls, etc.
)
(/usr/local/texlive/2012/texmf-dist/tex/latex/natbib/natbib.sty
Package: natbib 2010/09/13 8.31b (PWD, AO)
\bibhang=\skip47
\bibsep=\skip48
LaTeX Info: Redefining \cite on input line 694.
\c@NAT@ctr=\count106
)
Class revtex4-1 Info: Repairing natbib's \BibitemShut on input line 7549.

(/usr/local/texlive/2012/texmf-dist/tex/latex/revtex/revsymb4-1.sty
Package: revsymb4-1 2010/07/25/20:33:00 4.1r (http://publish.aps.org/revtex4/ f
or documentation)
LaTeX Info: Redefining \frak on input line 95.
LaTeX Info: Redefining \Bbb on input line 111.
LaTeX Info: Redefining \REV@mathfrak on input line 119.
))
(./bookmath.sty)
(/usr/local/texlive/2012/texmf-dist/tex/latex/graphics/graphicx.sty
Package: graphicx 1999/02/16 v1.0f Enhanced LaTeX Graphics (DPC,SPQR)

(/usr/local/texlive/2012/texmf-dist/tex/latex/graphics/keyval.sty
Package: keyval 1999/03/16 v1.13 key=value parser (DPC)
\KV@toks@=\toks22
)
(/usr/local/texlive/2012/texmf-dist/tex/latex/graphics/graphics.sty
Package: graphics 2009/02/05 v1.0o Standard LaTeX Graphics (DPC,SPQR)

(/usr/local/texlive/2012/texmf-dist/tex/latex/graphics/trig.sty
Package: trig 1999/03/16 v1.09 sin cos tan (DPC)
)
(/usr/local/texlive/2012/texmf-dist/tex/latex/latexconfig/graphics.cfg
File: graphics.cfg 2010/04/23 v1.9 graphics configuration of TeX Live
)
Package graphics Info: Driver file: pdftex.def on input line 91.

(/usr/local/texlive/2012/texmf-dist/tex/latex/pdftex-def/pdftex.def
File: pdftex.def 2011/05/27 v0.06d Graphics/color for pdfTeX

(/usr/local/texlive/2012/texmf-dist/tex/generic/oberdiek/infwarerr.sty
Package: infwarerr 2010/04/08 v1.3 Providing info/warning/error messages (HO)
)
(/usr/local/texlive/2012/texmf-dist/tex/generic/oberdiek/ltxcmds.sty
Package: ltxcmds 2011/11/09 v1.22 LaTeX kernel commands for general use (HO)
)
\Gread@gobject=\count107
))
\Gin@req@height=\dimen111
\Gin@req@width=\dimen112
)
(/usr/local/texlive/2012/texmf-dist/tex/latex/caption/caption.sty
Package: caption 2012/02/19 v3.2f Customizing captions (AR)

(/usr/local/texlive/2012/texmf-dist/tex/latex/caption/caption3.sty
Package: caption3 2012/01/12 v1.4b caption3 kernel (AR)
\captionmargin=\dimen113
\captionmargin@=\dimen114
\captionwidth=\dimen115
\caption@indent=\dimen116
\caption@parindent=\dimen117
\caption@hangindent=\dimen118
Package caption Info: Unknown document class (or package),
(caption)             standard defaults will be used.
)

Package caption Warning: Unsupported document class (or package) detected,
(caption)                usage of the caption package is not recommended.
See the caption package documentation for explanation.

Package caption Info: \@makecaption = \long macro:#1#2->\par \vskip \abovecapti
onskip \begingroup \small \rmfamily \sbox \@tempboxa {\let \\\heading@cr \@make
@capt@title {#1}{#2}}\@ifdim {\wd \@tempboxa >\hsize }{\begingroup \samepage \f
lushing \let \footnote \@footnotemark@gobble \@make@capt@title {#1}{#2}\par \en
dgroup }{\global \@minipagefalse \hb@xt@ \hsize {\hfil \unhbox \@tempboxa \hfil
 }}\endgroup \vskip \belowcaptionskip .
\c@ContinuedFloat=\count108
) (/usr/local/texlive/2012/texmf-dist/tex/latex/caption/subcaption.sty
Package: subcaption 2012/01/12 v1.1d Sub-captions (AR)
\c@subfigure=\count109
\c@subtable=\count110
)
(/usr/local/texlive/2012/texmf-dist/tex/latex/anyfontsize/anyfontsize.sty
Package: anyfontsize 2007/11/22 anyfontsize.sty by pts
)
(/usr/local/texlive/2012/texmf-dist/tex/latex/graphics/color.sty
Package: color 2005/11/14 v1.0j Standard LaTeX Color (DPC)

(/usr/local/texlive/2012/texmf-dist/tex/latex/latexconfig/color.cfg
File: color.cfg 2007/01/18 v1.5 color configuration of teTeX/TeXLive
)
Package color Info: Driver file: pdftex.def on input line 130.
)
Class revtex4-1 Info: Patching LaTeX tabular. on input line 21.
Class revtex4-1 Info: Robustifying \LaTeX's \boldmath command on input line 21.

Class revtex4-1 Info: cite was not loaded (OK!) on input line 21.
Class revtex4-1 Info: mcite was not loaded (OK!) on input line 21.
Class revtex4-1 Info: multicol was not loaded (OK!) on input line 21.

(./Sus_enh_v4.aux)
\openout1 = `Sus_enh_v4.aux'.

LaTeX Font Info:    Checking defaults for OML/cmm/m/it on input line 21.
LaTeX Font Info:    ... okay on input line 21.
LaTeX Font Info:    Checking defaults for T1/cmr/m/n on input line 21.
LaTeX Font Info:    ... okay on input line 21.
LaTeX Font Info:    Checking defaults for OT1/cmr/m/n on input line 21.
LaTeX Font Info:    ... okay on input line 21.
LaTeX Font Info:    Checking defaults for OMS/cmsy/m/n on input line 21.
LaTeX Font Info:    ... okay on input line 21.
LaTeX Font Info:    Checking defaults for OMX/cmex/m/n on input line 21.
LaTeX Font Info:    ... okay on input line 21.
LaTeX Font Info:    Checking defaults for U/cmr/m/n on input line 21.
LaTeX Font Info:    ... okay on input line 21.

(/usr/local/texlive/2012/texmf-dist/tex/context/base/supp-pdf.mkii
[Loading MPS to PDF converter (version 2006.09.02).]
\scratchcounter=\count111
\scratchdimen=\dimen119
\scratchbox=\box43
\nofMPsegments=\count112
\nofMParguments=\count113
\everyMPshowfont=\toks23
\MPscratchCnt=\count114
\MPscratchDim=\dimen120
\MPnumerator=\count115
\makeMPintoPDFobject=\count116
\everyMPtoPDFconversion=\toks24
) (/usr/local/texlive/2012/texmf-dist/tex/generic/oberdiek/pdftexcmds.sty
Package: pdftexcmds 2011/11/29 v0.20 Utility functions of pdfTeX for LuaTeX (HO
)

(/usr/local/texlive/2012/texmf-dist/tex/generic/oberdiek/ifluatex.sty
Package: ifluatex 2010/03/01 v1.3 Provides the ifluatex switch (HO)
Package ifluatex Info: LuaTeX not detected.
)
(/usr/local/texlive/2012/texmf-dist/tex/generic/oberdiek/ifpdf.sty
Package: ifpdf 2011/01/30 v2.3 Provides the ifpdf switch (HO)
Package ifpdf Info: pdfTeX in PDF mode is detected.
)
Package pdftexcmds Info: LuaTeX not detected.
Package pdftexcmds Info: \pdf@primitive is available.
Package pdftexcmds Info: \pdf@ifprimitive is available.
Package pdftexcmds Info: \pdfdraftmode found.
)
(/usr/local/texlive/2012/texmf-dist/tex/latex/oberdiek/epstopdf-base.sty
Package: epstopdf-base 2010/02/09 v2.5 Base part for package epstopdf

(/usr/local/texlive/2012/texmf-dist/tex/latex/oberdiek/grfext.sty
Package: grfext 2010/08/19 v1.1 Manage graphics extensions (HO)

(/usr/local/texlive/2012/texmf-dist/tex/generic/oberdiek/kvdefinekeys.sty
Package: kvdefinekeys 2011/04/07 v1.3 Define keys (HO)
))
(/usr/local/texlive/2012/texmf-dist/tex/latex/oberdiek/kvoptions.sty
Package: kvoptions 2011/06/30 v3.11 Key value format for package options (HO)

(/usr/local/texlive/2012/texmf-dist/tex/generic/oberdiek/kvsetkeys.sty
Package: kvsetkeys 2012/04/25 v1.16 Key value parser (HO)

(/usr/local/texlive/2012/texmf-dist/tex/generic/oberdiek/etexcmds.sty
Package: etexcmds 2011/02/16 v1.5 Avoid name clashes with e-TeX commands (HO)
Package etexcmds Info: Could not find \expanded.
(etexcmds)             That can mean that you are not using pdfTeX 1.50 or
(etexcmds)             that some package has redefined \expanded.
(etexcmds)             In the latter case, load this package earlier.
)))
Package grfext Info: Graphics extension search list:
(grfext)             [.png,.pdf,.jpg,.mps,.jpeg,.jbig2,.jb2,.PNG,.PDF,.JPG,.JPE
G,.JBIG2,.JB2,.eps]
(grfext)             \AppendGraphicsExtensions on input line 452.

(/usr/local/texlive/2012/texmf-dist/tex/latex/latexconfig/epstopdf-sys.cfg
File: epstopdf-sys.cfg 2010/07/13 v1.3 Configuration of (r)epstopdf for TeX Liv
e
))
Package caption Info: Begin \AtBeginDocument code.
Package caption Info: End \AtBeginDocument code.
\openout3 = `Sus_enh_v4Notes.bib'.

LaTeX Font Info:    Try loading font information for U+msa on input line 34.

(/usr/local/texlive/2012/texmf-dist/tex/latex/amsfonts/umsa.fd
File: umsa.fd 2009/06/22 v3.00 AMS symbols A
)
LaTeX Font Info:    Try loading font information for U+msb on input line 34.

(/usr/local/texlive/2012/texmf-dist/tex/latex/amsfonts/umsb.fd
File: umsb.fd 2009/06/22 v3.00 AMS symbols B
)

Package natbib Warning: Citation `x' on page 1 undefined on input line 64.


Package natbib Warning: Citation `x' on page 1 undefined on input line 70.


Package natbib Warning: Citation `x' on page 1 undefined on input line 71.


Package natbib Warning: Citation `x' on page 1 undefined on input line 73.


Package natbib Warning: Citation `x' on page 1 undefined on input line 74.


Underfull \hbox (badness 2376) in paragraph at lines 59--75
[]\OT1/cmr/m/n/10 The in-ter-play of dif-fer-ent or-ders, si-mul-ta-ne-ously
 []


Underfull \hbox (badness 1009) in paragraph at lines 59--75
\OT1/cmr/m/n/10 present in the same sys-tem, is of a great in-ter-est
 []


Package natbib Warning: Citation `x' on page 1 undefined on input line 79.


Package natbib Warning: Citation `x' on page 1 undefined on input line 80.

Package epstopdf Info: Source file: <./figures/fermi_schematic.eps>
(epstopdf)                    date: 2013-07-25 17:08:35
(epstopdf)                    size: 29049 bytes
(epstopdf)             Output file: <./figures/fermi_schematic-eps-converted-to
.pdf>
(epstopdf)                    date: 2013-07-25 17:17:25
(epstopdf)                    size: 8049 bytes
(epstopdf)             Command: <repstopdf --outfile=./figures/fermi_schematic-
eps-converted-to.pdf ./figures/fermi_schematic.eps>
(epstopdf)             \includegraphics on input line 84.
Package epstopdf Info: Output file is already uptodate.
<./figures/fermi_schematic-eps-converted-to.pdf, id=1, 361.35pt x 252.945pt>
File: ./figures/fermi_schematic-eps-converted-to.pdf Graphic file (type pdf)

<use ./figures/fermi_schematic-eps-converted-to.pdf>
Package pdftex.def Info: ./figures/fermi_schematic-eps-converted-to.pdf used on
 input line 84.
(pdftex.def)             Requested size: 203.99771pt x 204.00047pt.
 [1{/usr/local/texlive/2012/texmf-var/fonts/map/pdftex/updmap/pdftex.map} <./fi
gures/fermi_schematic-eps-converted-to.pdf>]

Package natbib Warning: Citation `x' on page 2 undefined on input line 207.

Package epstopdf Info: Source file: <./figures/normal_chi_spin_pairing_.eps>
(epstopdf)                    date: 2013-07-15 09:33:19
(epstopdf)                    size: 180549 bytes
(epstopdf)             Output file: <./figures/normal_chi_spin_pairing_-eps-con
verted-to.pdf>
(epstopdf)                    date: 2013-07-16 07:38:02
(epstopdf)                    size: 92261 bytes
(epstopdf)             Command: <repstopdf --outfile=./figures/normal_chi_spin_
pairing_-eps-converted-to.pdf ./figures/normal_chi_spin_pairing_.eps>
(epstopdf)             \includegraphics on input line 214.
Package epstopdf Info: Output file is already uptodate.

<./figures/normal_chi_spin_pairing_-eps-converted-to.pdf, id=33, 722.7pt x 505.
89pt>
File: ./figures/normal_chi_spin_pairing_-eps-converted-to.pdf Graphic file (typ
e pdf)
 <use ./figures/normal_chi_spin_pairing_-eps-converted-to.pdf>
Package pdftex.def Info: ./figures/normal_chi_spin_pairing_-eps-converted-to.pd
f used on input line 214.
(pdftex.def)             Requested size: 229.49329pt x 229.501pt.
 [2]
[3 <./figures/normal_chi_spin_pairing_-eps-converted-to.pdf>]
Package epstopdf Info: Source file: <./figures/Bananas_with_q.eps>
(epstopdf)                    date: 2013-07-18 15:44:59
(epstopdf)                    size: 537590 bytes
(epstopdf)             Output file: <./figures/Bananas_with_q-eps-converted-to.
pdf>
(epstopdf)                    date: 2013-07-18 15:45:03
(epstopdf)                    size: 73182 bytes
(epstopdf)             Command: <repstopdf --outfile=./figures/Bananas_with_q-e
ps-converted-to.pdf ./figures/Bananas_with_q.eps>
(epstopdf)             \includegraphics on input line 311.
Package epstopdf Info: Output file is already uptodate.

<./figures/Bananas_with_q-eps-converted-to.pdf, id=54, 307.1475pt x 151.56625pt
>
File: ./figures/Bananas_with_q-eps-converted-to.pdf Graphic file (type pdf)
 <use ./figures/Bananas_with_q-eps-converted-to.pdf>
Package pdftex.def Info: ./figures/Bananas_with_q-eps-converted-to.pdf used on 
input line 311.
(pdftex.def)             Requested size: 261.0766pt x 128.83191pt.

Overfull \hbox (15.0766pt too wide) in paragraph at lines 311--312
 [][] 
 []

Package epstopdf Info: Source file: <./figures/integrands.eps>
(epstopdf)                    date: 2013-07-18 17:57:43
(epstopdf)                    size: 946299 bytes
(epstopdf)             Output file: <./figures/integrands-eps-converted-to.pdf>

(epstopdf)                    date: 2013-07-18 18:05:39
(epstopdf)                    size: 384496 bytes
(epstopdf)             Command: <repstopdf --outfile=./figures/integrands-eps-c
onverted-to.pdf ./figures/integrands.eps>
(epstopdf)             \includegraphics on input line 324.
Package epstopdf Info: Output file is already uptodate.
<./figures/integrands-eps-converted-to.pdf, id=55, 1084.05pt x 1011.78pt>
File: ./figures/integrands-eps-converted-to.pdf Graphic file (type pdf)

<use ./figures/integrands-eps-converted-to.pdf>
Package pdftex.def Info: ./figures/integrands-eps-converted-to.pdf used on inpu
t line 324.
(pdftex.def)             Requested size: 216.80615pt x 202.35242pt.
Package epstopdf Info: Source file: <./figures/qq_theory.eps>
(epstopdf)                    date: 2013-07-23 16:56:35
(epstopdf)                    size: 41334 bytes
(epstopdf)             Output file: <./figures/qq_theory-eps-converted-to.pdf>
(epstopdf)                    date: 2013-07-23 16:59:11
(epstopdf)                    size: 8745 bytes
(epstopdf)             Command: <repstopdf --outfile=./figures/qq_theory-eps-co
nverted-to.pdf ./figures/qq_theory.eps>
(epstopdf)             \includegraphics on input line 342.
Package epstopdf Info: Output file is already uptodate.

<./figures/qq_theory-eps-converted-to.pdf, id=56, 542.025pt x 252.945pt>
File: ./figures/qq_theory-eps-converted-to.pdf Graphic file (type pdf)

<use ./figures/qq_theory-eps-converted-to.pdf>
Package pdftex.def Info: ./figures/qq_theory-eps-converted-to.pdf used on input
 line 342.
(pdftex.def)             Requested size: 229.49844pt x 107.10072pt.
 [4 <./figures/Bananas_with_q-eps-converted-to.pdf> <./figures/integrands-eps-c
onverted-to.pdf>]

LaTeX Warning: A float is stuck (cannot be placed); try class option [floatfix]
 on input line 352.

Package epstopdf Info: Source file: <./figures/enhanced_chi_xx.eps>
(epstopdf)                    date: 2013-07-24 12:35:34
(epstopdf)                    size: 45500 bytes
(epstopdf)             Output file: <./figures/enhanced_chi_xx-eps-converted-to
.pdf>
(epstopdf)                    date: 2013-07-24 12:36:21
(epstopdf)                    size: 8649 bytes
(epstopdf)             Command: <repstopdf --outfile=./figures/enhanced_chi_xx-
eps-converted-to.pdf ./figures/enhanced_chi_xx.eps>
(epstopdf)             \includegraphics on input line 362.
Package epstopdf Info: Output file is already uptodate.

<./figures/enhanced_chi_xx-eps-converted-to.pdf, id=75, 542.025pt x 252.945pt>
File: ./figures/enhanced_chi_xx-eps-converted-to.pdf Graphic file (type pdf)

<use ./figures/enhanced_chi_xx-eps-converted-to.pdf>
Package pdftex.def Info: ./figures/enhanced_chi_xx-eps-converted-to.pdf used on
 input line 362.
(pdftex.def)             Requested size: 271.01183pt x 126.47218pt.

Overfull \hbox (25.01183pt too wide) in paragraph at lines 362--363
 [][] 
 []

Package epstopdf Info: Source file: <./figures/enhanced_chi_zz.eps>
(epstopdf)                    date: 2013-07-23 11:05:55
(epstopdf)                    size: 90822 bytes
(epstopdf)             Output file: <./figures/enhanced_chi_zz-eps-converted-to
.pdf>
(epstopdf)                    date: 2013-07-23 11:09:06
(epstopdf)                    size: 10394 bytes
(epstopdf)             Command: <repstopdf --outfile=./figures/enhanced_chi_zz-
eps-converted-to.pdf ./figures/enhanced_chi_zz.eps>
(epstopdf)             \includegraphics on input line 371.
Package epstopdf Info: Output file is already uptodate.

<./figures/enhanced_chi_zz-eps-converted-to.pdf, id=76, 542.025pt x 252.945pt>
File: ./figures/enhanced_chi_zz-eps-converted-to.pdf Graphic file (type pdf)

<use ./figures/enhanced_chi_zz-eps-converted-to.pdf>
Package pdftex.def Info: ./figures/enhanced_chi_zz-eps-converted-to.pdf used on
 input line 371.
(pdftex.def)             Requested size: 271.01183pt x 126.47218pt.

Overfull \hbox (25.01183pt too wide) in paragraph at lines 371--372
 [][] 
 []

Package epstopdf Info: Source file: <./figures/delta_dep_q1.eps>
(epstopdf)                    date: 2013-07-24 14:27:56
(epstopdf)                    size: 23529 bytes
(epstopdf)             Output file: <./figures/delta_dep_q1-eps-converted-to.pd
f>
(epstopdf)                    date: 2013-07-24 14:57:22
(epstopdf)                    size: 6740 bytes
(epstopdf)             Command: <repstopdf --outfile=./figures/delta_dep_q1-eps
-converted-to.pdf ./figures/delta_dep_q1.eps>
(epstopdf)             \includegraphics on input line 381.
Package epstopdf Info: Output file is already uptodate.
<./figures/delta_dep_q1-eps-converted-to.pdf, id=77, 542.025pt x 252.945pt>
File: ./figures/delta_dep_q1-eps-converted-to.pdf Graphic file (type pdf)

<use ./figures/delta_dep_q1-eps-converted-to.pdf>
Package pdftex.def Info: ./figures/delta_dep_q1-eps-converted-to.pdf used on in
put line 381.
(pdftex.def)             Requested size: 229.49844pt x 107.10072pt.
 [5 <./figures/qq_theory-eps-converted-to.pdf> <./figures/enhanced_chi_xx-eps-c
onverted-to.pdf> <./figures/enhanced_chi_zz-eps-converted-to.pdf> <./figures/de
lta_dep_q1-eps-converted-to.pdf>]
Package epstopdf Info: Source file: <./figures/xx_all_enhanced_q.eps>
(epstopdf)                    date: 2013-07-26 16:40:14
(epstopdf)                    size: 48502 bytes
(epstopdf)             Output file: <./figures/xx_all_enhanced_q-eps-converted-
to.pdf>
(epstopdf)                    date: 2013-08-27 11:14:20
(epstopdf)                    size: 10861 bytes
(epstopdf)             Command: <repstopdf --outfile=./figures/xx_all_enhanced_
q-eps-converted-to.pdf ./figures/xx_all_enhanced_q.eps>
(epstopdf)             \includegraphics on input line 411.
Package epstopdf Info: Output file is already uptodate.

<./figures/xx_all_enhanced_q-eps-converted-to.pdf, id=117, 686.565pt x 252.945p
t>
File: ./figures/xx_all_enhanced_q-eps-converted-to.pdf Graphic file (type pdf)
 <use ./figures/xx_all_enhanced_q-eps-converted-to.pdf>
Package pdftex.def Info: ./figures/xx_all_enhanced_q-eps-converted-to.pdf used 
on input line 411.
(pdftex.def)             Requested size: 255.0pt x 93.94713pt.

Overfull \hbox (9.0pt too wide) in paragraph at lines 411--412
 [][] 
 []

Package epstopdf Info: Source file: <./figures/zz_contours_1.eps>
(epstopdf)                    date: 2013-07-24 00:48:07
(epstopdf)                    size: 28674 bytes
(epstopdf)             Output file: <./figures/zz_contours_1-eps-converted-to.p
df>
(epstopdf)                    date: 2013-07-24 08:58:10
(epstopdf)                    size: 7890 bytes
(epstopdf)             Command: <repstopdf --outfile=./figures/zz_contours_1-ep
s-converted-to.pdf ./figures/zz_contours_1.eps>
(epstopdf)             \includegraphics on input line 419.
Package epstopdf Info: Output file is already uptodate.
<./figures/zz_contours_1-eps-converted-to.pdf, id=118, 469.755pt x 252.945pt>
File: ./figures/zz_contours_1-eps-converted-to.pdf Graphic file (type pdf)

<use ./figures/zz_contours_1-eps-converted-to.pdf>
Package pdftex.def Info: ./figures/zz_contours_1-eps-converted-to.pdf used on i
nput line 419.
(pdftex.def)             Requested size: 255.0pt x 137.30615pt.

Overfull \hbox (9.0pt too wide) in paragraph at lines 419--420
 [][] 
 []

Package epstopdf Info: Source file: <./figures/max_q_T.eps>
(epstopdf)                    date: 2013-07-18 16:27:11
(epstopdf)                    size: 41652 bytes
(epstopdf)             Output file: <./figures/max_q_T-eps-converted-to.pdf>
(epstopdf)                    date: 2013-07-18 16:27:16
(epstopdf)                    size: 12900 bytes
(epstopdf)             Command: <repstopdf --outfile=./figures/max_q_T-eps-conv
erted-to.pdf ./figures/max_q_T.eps>
(epstopdf)             \includegraphics on input line 429.
Package epstopdf Info: Output file is already uptodate.
<./figures/max_q_T-eps-converted-to.pdf, id=119, 361.35pt x 505.89pt>
File: ./figures/max_q_T-eps-converted-to.pdf Graphic file (type pdf)

<use ./figures/max_q_T-eps-converted-to.pdf>
Package pdftex.def Info: ./figures/max_q_T-eps-converted-to.pdf used on input l
ine 429.
(pdftex.def)             Requested size: 229.49844pt x 321.29832pt.
 [6 <./figures/xx_all_enhanced_q-eps-converted-to.pdf> <./figures/zz_contours_1
-eps-converted-to.pdf> <./figures/max_q_T-eps-converted-to.pdf>]

Package natbib Warning: Citation `x' on page 7 undefined on input line 472.

[7]
Overfull \hbox (21.75038pt too wide) in paragraph at lines 542--542
[] 
 []

[8] [9] [10] (./Sus_enh_v4.bbl
Underfull \hbox (badness 10000) in paragraph at lines 18--32
 []\OT1/cmr/m/n/9 A. D. Bianchi, M. Ken-zel-mann, L. DeBeer-
 []


Underfull \hbox (badness 4518) in paragraph at lines 18--32
 \OT1/cmr/m/n/9 Schmitt, J. S. White, E. M. For-gan, J. Mesot,
 []


Underfull \hbox (badness 10000) in paragraph at lines 18--32
 \OT1/cmr/m/n/9 M. Zol-liker, J. Kohlbrecher, R. Movshovich,
 []


Underfull \hbox (badness 6526) in paragraph at lines 18--32
 \OT1/cmr/m/n/9 E. D. Bauer, et al., Sci-ence \OT1/cmr/bx/n/9 319\OT1/cmr/m/n/9
 , 177 (2008),
 []


Overfull \hbox (6.41425pt too wide) in paragraph at lines 18--32
 \OT1/cmr/m/n/9 http://www.sciencemag.org/content/319/5860/177.full.pdf,
 []


Underfull \hbox (badness 10000) in paragraph at lines 18--32
 \OT1/cmr/m/n/9 URL $\OT1/cmtt/m/n/9 http : / / www . sciencemag . org / conten
t / 319 / 5860 /
 []

Missing character: There is no √ in font cmr9!
Missing character: There is no § in font cmr9!

Underfull \hbox (badness 10000) in paragraph at lines 36--50
 []\OT1/cmr/m/n/9 M. Ken-zel-mann, T. Strssle, C. Nie-der-mayer,
 []


Underfull \hbox (badness 10000) in paragraph at lines 36--50
 \OT1/cmr/m/n/9 M. Sigrist, B. Pad-man-ab-han, M. Zol-liker,
 []


Underfull \hbox (badness 10000) in paragraph at lines 36--50
 \OT1/cmr/m/n/9 A. D. Bianchi, R. Movshovich, E. D. Bauer,
 []


Underfull \hbox (badness 5189) in paragraph at lines 36--50
 \OT1/cmr/m/n/9 J. L. Sar-rao, et al., Sci-ence \OT1/cmr/bx/n/9 321\OT1/cmr/m/n
/9 , 1652 (2008),
 []


Overfull \hbox (11.03922pt too wide) in paragraph at lines 36--50
 \OT1/cmr/m/n/9 http://www.sciencemag.org/content/321/5896/1652.full.pdf,
 []


Underfull \hbox (badness 10000) in paragraph at lines 36--50
 \OT1/cmr/m/n/9 URL $\OT1/cmtt/m/n/9 http : / / www . sciencemag . org / conten
t / 321 / 5896 /
 []


Underfull \hbox (badness 1728) in paragraph at lines 54--68
 []\OT1/cmr/m/n/9 M. Ken-zel-mann, S. Ger-ber, N. Egeten-meyer, J. L.
 []


Underfull \hbox (badness 1092) in paragraph at lines 54--68
 \OT1/cmr/m/n/9 Gav-i-lano, T. Str^^?assle, A. D. Bianchi, E. Ressouche,
 []

Missing character: There is no ƒ in font cmr9!
Missing character: There is no ç in font cmr9!

Underfull \hbox (badness 1867) in paragraph at lines 183--188
 []\OT1/cmr/m/n/9 W. A. Roshen and J. Ru-valds, Phys. Rev. B \OT1/cmr/bx/n/9 28
\OT1/cmr/m/n/9 ,
 []


Underfull \hbox (badness 2096) in paragraph at lines 190--193
 []\OT1/cmr/m/n/9 B. Mi-haila, arxiv:1111.5337v1 (2011), URL $\OT1/cmtt/m/n/9 h
ttp : / /
 []

)

Package natbib Warning: There were undefined citations.

[11] (./Sus_enh_v4.aux) ) 
Here is how much of TeX's memory you used:
 5997 strings out of 493488
 82857 string characters out of 3141326
 180477 words of memory out of 3000000
 9209 multiletter control sequences out of 15000+200000
 13234 words of font info for 50 fonts, out of 3000000 for 9000
 957 hyphenation exceptions out of 8191
 38i,12n,38p,905b,448s stack positions out of 5000i,500n,10000p,200000b,50000s
</usr/local/texlive/2012/texmf-dist/fonts/type1/public
/amsfonts/cm/cmbx10.pfb></usr/local/texlive/2012/texmf-dist/fonts/type1/public/
amsfonts/cm/cmbx12.pfb></usr/local/texlive/2012/texmf-dist/fonts/type1/public/a
msfonts/cm/cmbx5.pfb></usr/local/texlive/2012/texmf-dist/fonts/type1/public/ams
fonts/cm/cmbx7.pfb></usr/local/texlive/2012/texmf-dist/fonts/type1/public/amsfo
nts/cm/cmbx9.pfb></usr/local/texlive/2012/texmf-dist/fonts/type1/public/amsfont
s/cm/cmex10.pfb></usr/local/texlive/2012/texmf-dist/fonts/type1/public/amsfonts
/cm/cmmi10.pfb></usr/local/texlive/2012/texmf-dist/fonts/type1/public/amsfonts/
cm/cmmi5.pfb></usr/local/texlive/2012/texmf-dist/fonts/type1/public/amsfonts/cm
/cmmi6.pfb></usr/local/texlive/2012/texmf-dist/fonts/type1/public/amsfonts/cm/c
mmi7.pfb></usr/local/texlive/2012/texmf-dist/fonts/type1/public/amsfonts/cm/cmm
i9.pfb></usr/local/texlive/2012/texmf-dist/fonts/type1/public/amsfonts/cm/cmmib
10.pfb></usr/local/texlive/2012/texmf-dist/fonts/type1/public/amsfonts/cm/cmr10
.pfb></usr/local/texlive/2012/texmf-dist/fonts/type1/public/amsfonts/cm/cmr5.pf
b></usr/local/texlive/2012/texmf-dist/fonts/type1/public/amsfonts/cm/cmr6.pfb><
/usr/local/texlive/2012/texmf-dist/fonts/type1/public/amsfonts/cm/cmr7.pfb></us
r/local/texlive/2012/texmf-dist/fonts/type1/public/amsfonts/cm/cmr8.pfb></usr/l
ocal/texlive/2012/texmf-dist/fonts/type1/public/amsfonts/cm/cmr9.pfb></usr/loca
l/texlive/2012/texmf-dist/fonts/type1/public/amsfonts/cm/cmsy10.pfb></usr/local
/texlive/2012/texmf-dist/fonts/type1/public/amsfonts/cm/cmsy5.pfb></usr/local/t
exlive/2012/texmf-dist/fonts/type1/public/amsfonts/cm/cmsy6.pfb></usr/local/tex
live/2012/texmf-dist/fonts/type1/public/amsfonts/cm/cmsy7.pfb></usr/local/texli
ve/2012/texmf-dist/fonts/type1/public/amsfonts/cm/cmsy9.pfb></usr/local/texlive
/2012/texmf-dist/fonts/type1/public/amsfonts/cm/cmti9.pfb></usr/local/texlive/2
012/texmf-dist/fonts/type1/public/amsfonts/cm/cmtt9.pfb></usr/local/texlive/201
2/texmf-dist/fonts/type1/public/amsfonts/symbols/msbm10.pfb></usr/local/texlive
/2012/texmf-dist/fonts/type1/public/amsfonts/symbols/msbm7.pfb>
Output written on Sus_enh_v4.pdf (11 pages, 919421 bytes).
PDF statistics:
 258 PDF objects out of 1000 (max. 8388607)
 183 compressed objects within 2 object streams
 0 named destinations out of 1000 (max. 500000)
 56 words of extra memory for PDF output out of 10000 (max. 10000000)

