This is pdfTeX, Version 3.1415926-2.4-1.40.13 (TeX Live 2012) (format=pdflatex 2012.6.30)  13 NOV 2013 13:52
entering extended mode
 restricted \write18 enabled.
 file:line:error style messages enabled.
 %&-line parsing enabled.
**manuscript.v0.tex
(./manuscript.v0.tex
LaTeX2e <2011/06/27>
Babel <v3.8m> and hyphenation patterns for english, dumylang, nohyphenation, ge
rman-x-2012-05-30, ngerman-x-2012-05-30, afrikaans, ancientgreek, ibycus, arabi
c, armenian, basque, bulgarian, catalan, pinyin, coptic, croatian, czech, danis
h, dutch, ukenglish, usenglishmax, esperanto, estonian, ethiopic, farsi, finnis
h, french, friulan, galician, german, ngerman, swissgerman, monogreek, greek, h
ungarian, icelandic, assamese, bengali, gujarati, hindi, kannada, malayalam, ma
rathi, oriya, panjabi, tamil, telugu, indonesian, interlingua, irish, italian, 
kurmanji, latin, latvian, lithuanian, mongolian, mongolianlmc, bokmal, nynorsk,
 polish, portuguese, romanian, romansh, russian, sanskrit, serbian, serbianc, s
lovak, slovenian, spanish, swedish, turkish, turkmen, ukrainian, uppersorbian, 
welsh, loaded.
(/usr/local/texlive/2012/texmf-dist/tex/latex/revtex/revtex4-1.cls
Document Class: revtex4-1 2010/07/25/20:33:00 4.1r (http://publish.aps.org/revt
ex4/ for documentation)
 Copyright (c) 2009 The American Physical Society.
 mailto:revtex@aps.org
 Licensed under the LPPL:
http://www.ctan.org/tex-archive/macros/latex/base/lppl.txt
 Arthur Ogawa <arthur_ogawa at sbcglobal dot net>
 Based on work by David Carlisle <david at dcarlisle.demon.co.uk>.
ltxutil[2010/07/25/20:33:00 4.1r utilities package (portions licensed from W. E
. Baxter web at superscript.com)]
LaTeX Info: Redefining \@centercr on input line 308.
Class revtex4-1 Info: Repairing broken LaTeX eqnarray on input line 358.
\eqncolsep=\skip41
Class revtex4-1 Info: Repairing hyperref-unfriendly LaTeX definition of \mpfoot
note on input line 433.
Class revtex4-1 Info: Repairing broken LateX \@sect on input line 755.
\intertabularlinepenalty=\count79
\@tbpen=\count80
\@arstrutbox@hline=\box26
Class revtex4-1 Info: Repairing broken LaTeX \@xbitor on input line 1786.
Class revtex4-1 Info: Making \typeout \long on input line 2046.
ltxfront[2010/07/25/20:33:00 4.1r frontmatter package (AO,DPC)]
\c@affil=\count81
\c@collab=\count82
\absbox=\box27
ltxgrid[2010/07/25/20:33:00 4.1r page grid package (portions licensed from W. E
. Baxter web at superscript.com)]
\c@linecount=\count83
\output@latex=\toks14
\box@size@1=\box28
\box@size@2=\box29
\@protection@box=\box30
\@topmark@saved=\toks15
\footins@saved=\box31
\footins@recovered=\box32
\column@recovered=\box33
\pagesofar=\box34
\footsofar=\box35
\pagegrid@col=\count84
Class revtex4-1 Info: Overriding \@vspace, \@vspacer, \@no@pgbk, \@newline, and
 \\  on input line 5578.
\c@part=\count85
\c@section=\count86
\c@subsection=\count87
\c@subsubsection=\count88
\c@paragraph=\count89
\c@subparagraph=\count90
\abovecaptionskip=\skip42
\belowcaptionskip=\skip43
\c@figure=\count91
\fbox@1=\box36
\c@table=\count92
\fbox@2=\box37
\c@video=\count93
\fbox@4=\box38
\@bibdataout=\write3
\widetext@top=\box39
\widetext@bot=\box40
Class revtex4-1 Info: Selecting society aps on input line 7542.
(/usr/local/texlive/2012/texmf-dist/tex/latex/revtex/aps4-1.rtx
File: aps4-1 2010/07/25/20:33:00 4.1r (http://publish.aps.org/revtex4/ for docu
mentation)
Class revtex4-1 Info: RevTeX society APS selected on input line 31.
)
Class revtex4-1 Info: Selecting journal prl on input line 7544.
Class revtex4-1 Info: APS journal PRL selected on input line 7545.


Class revtex4-1 Warning: No type size specified, using default 10.

(/usr/local/texlive/2012/texmf-dist/tex/latex/revtex/aps10pt4-1.rtx
File: aps10pt4-1 2010/07/25/20:33:00 4.1r (http://publish.aps.org/revtex4/ for 
documentation)
Class revtex4-1 Info: RevTeX pointsize 10pt selected on input line 30.
)
(/usr/local/texlive/2012/texmf-dist/tex/latex/textcase/textcase.sty
Package: textcase 2004/10/07 v0.07 Text only upper/lower case changing (DPC)
)
(/usr/local/texlive/2012/texmf-dist/tex/latex/amsfonts/amssymb.sty
Package: amssymb 2009/06/22 v3.00

(/usr/local/texlive/2012/texmf-dist/tex/latex/amsfonts/amsfonts.sty
Package: amsfonts 2009/06/22 v3.00 Basic AMSFonts support
\@emptytoks=\toks16
\symAMSa=\mathgroup4
\symAMSb=\mathgroup5
LaTeX Font Info:    Overwriting math alphabet `\mathfrak' in version `bold'
(Font)                  U/euf/m/n --> U/euf/b/n on input line 96.
))
(/usr/local/texlive/2012/texmf-dist/tex/latex/amsmath/amsmath.sty
Package: amsmath 2000/07/18 v2.13 AMS math features
\@mathmargin=\skip44

For additional information on amsmath, use the `?' option.
(/usr/local/texlive/2012/texmf-dist/tex/latex/amsmath/amstext.sty
Package: amstext 2000/06/29 v2.01

(/usr/local/texlive/2012/texmf-dist/tex/latex/amsmath/amsgen.sty
File: amsgen.sty 1999/11/30 v2.0
\@emptytoks=\toks17
\ex@=\dimen102
)
LaTeX Info: Redefining \text on input line 53.
)
(/usr/local/texlive/2012/texmf-dist/tex/latex/amsmath/amsbsy.sty
Package: amsbsy 1999/11/29 v1.2d
\pmbraise@=\dimen103
)
(/usr/local/texlive/2012/texmf-dist/tex/latex/amsmath/amsopn.sty
Package: amsopn 1999/12/14 v2.01 operator names
)
\inf@bad=\count94
LaTeX Info: Redefining \frac on input line 211.
\uproot@=\count95
\leftroot@=\count96
LaTeX Info: Redefining \overline on input line 307.
\classnum@=\count97
\DOTSCASE@=\count98
LaTeX Info: Redefining \ldots on input line 379.
LaTeX Info: Redefining \dots on input line 382.
LaTeX Info: Redefining \cdots on input line 467.
\Mathstrutbox@=\box41
\strutbox@=\box42
\big@size=\dimen104
LaTeX Font Info:    Redeclaring font encoding OML on input line 567.
LaTeX Font Info:    Redeclaring font encoding OMS on input line 568.
\macc@depth=\count99
\c@MaxMatrixCols=\count100
\dotsspace@=\muskip10
\c@parentequation=\count101
\dspbrk@lvl=\count102
\tag@help=\toks18
\row@=\count103
\column@=\count104
\maxfields@=\count105
\andhelp@=\toks19
\eqnshift@=\dimen105
\alignsep@=\dimen106
\tagshift@=\dimen107
\tagwidth@=\dimen108
\totwidth@=\dimen109
\lineht@=\dimen110
\@envbody=\toks20
\multlinegap=\skip45
\multlinetaggap=\skip46
\mathdisplay@stack=\toks21
LaTeX Info: Redefining \[ on input line 2666.
LaTeX Info: Redefining \] on input line 2667.
)
(/usr/local/texlive/2012/texmf-dist/tex/latex/url/url.sty
\Urlmuskip=\muskip11
Package: url 2006/04/12  ver 3.3  Verb mode for urls, etc.
)
(/usr/local/texlive/2012/texmf-dist/tex/latex/natbib/natbib.sty
Package: natbib 2010/09/13 8.31b (PWD, AO)
\bibhang=\skip47
\bibsep=\skip48
LaTeX Info: Redefining \cite on input line 694.
\c@NAT@ctr=\count106
)
Class revtex4-1 Info: Repairing natbib's \BibitemShut on input line 7549.

(/usr/local/texlive/2012/texmf-dist/tex/latex/revtex/revsymb4-1.sty
Package: revsymb4-1 2010/07/25/20:33:00 4.1r (http://publish.aps.org/revtex4/ f
or documentation)
LaTeX Info: Redefining \frak on input line 95.
LaTeX Info: Redefining \Bbb on input line 111.
LaTeX Info: Redefining \REV@mathfrak on input line 119.
))
(./bookmath.sty)
(/usr/local/texlive/2012/texmf-dist/tex/latex/graphics/graphicx.sty
Package: graphicx 1999/02/16 v1.0f Enhanced LaTeX Graphics (DPC,SPQR)

(/usr/local/texlive/2012/texmf-dist/tex/latex/graphics/keyval.sty
Package: keyval 1999/03/16 v1.13 key=value parser (DPC)
\KV@toks@=\toks22
)
(/usr/local/texlive/2012/texmf-dist/tex/latex/graphics/graphics.sty
Package: graphics 2009/02/05 v1.0o Standard LaTeX Graphics (DPC,SPQR)

(/usr/local/texlive/2012/texmf-dist/tex/latex/graphics/trig.sty
Package: trig 1999/03/16 v1.09 sin cos tan (DPC)
)
(/usr/local/texlive/2012/texmf-dist/tex/latex/latexconfig/graphics.cfg
File: graphics.cfg 2010/04/23 v1.9 graphics configuration of TeX Live
)
Package graphics Info: Driver file: pdftex.def on input line 91.

(/usr/local/texlive/2012/texmf-dist/tex/latex/pdftex-def/pdftex.def
File: pdftex.def 2011/05/27 v0.06d Graphics/color for pdfTeX

(/usr/local/texlive/2012/texmf-dist/tex/generic/oberdiek/infwarerr.sty
Package: infwarerr 2010/04/08 v1.3 Providing info/warning/error messages (HO)
)
(/usr/local/texlive/2012/texmf-dist/tex/generic/oberdiek/ltxcmds.sty
Package: ltxcmds 2011/11/09 v1.22 LaTeX kernel commands for general use (HO)
)
\Gread@gobject=\count107
))
\Gin@req@height=\dimen111
\Gin@req@width=\dimen112
)
(/usr/local/texlive/2012/texmf-dist/tex/latex/graphics/color.sty
Package: color 2005/11/14 v1.0j Standard LaTeX Color (DPC)

(/usr/local/texlive/2012/texmf-dist/tex/latex/latexconfig/color.cfg
File: color.cfg 2007/01/18 v1.5 color configuration of teTeX/TeXLive
)
Package color Info: Driver file: pdftex.def on input line 130.
)
Class revtex4-1 Info: Patching LaTeX tabular. on input line 18.
Class revtex4-1 Info: Robustifying \LaTeX's \boldmath command on input line 18.

Class revtex4-1 Info: cite was not loaded (OK!) on input line 18.
Class revtex4-1 Info: mcite was not loaded (OK!) on input line 18.
Class revtex4-1 Info: multicol was not loaded (OK!) on input line 18.

No file manuscript.v0.aux.
\openout1 = `manuscript.v0.aux'.

LaTeX Font Info:    Checking defaults for OML/cmm/m/it on input line 18.
LaTeX Font Info:    ... okay on input line 18.
LaTeX Font Info:    Checking defaults for T1/cmr/m/n on input line 18.
LaTeX Font Info:    ... okay on input line 18.
LaTeX Font Info:    Checking defaults for OT1/cmr/m/n on input line 18.
LaTeX Font Info:    ... okay on input line 18.
LaTeX Font Info:    Checking defaults for OMS/cmsy/m/n on input line 18.
LaTeX Font Info:    ... okay on input line 18.
LaTeX Font Info:    Checking defaults for OMX/cmex/m/n on input line 18.
LaTeX Font Info:    ... okay on input line 18.
LaTeX Font Info:    Checking defaults for U/cmr/m/n on input line 18.
LaTeX Font Info:    ... okay on input line 18.
(/usr/local/texlive/2012/texmf-dist/tex/context/base/supp-pdf.mkii
[Loading MPS to PDF converter (version 2006.09.02).]
\scratchcounter=\count108
\scratchdimen=\dimen113
\scratchbox=\box43
\nofMPsegments=\count109
\nofMParguments=\count110
\everyMPshowfont=\toks23
\MPscratchCnt=\count111
\MPscratchDim=\dimen114
\MPnumerator=\count112
\makeMPintoPDFobject=\count113
\everyMPtoPDFconversion=\toks24
) (/usr/local/texlive/2012/texmf-dist/tex/generic/oberdiek/pdftexcmds.sty
Package: pdftexcmds 2011/11/29 v0.20 Utility functions of pdfTeX for LuaTeX (HO
)

(/usr/local/texlive/2012/texmf-dist/tex/generic/oberdiek/ifluatex.sty
Package: ifluatex 2010/03/01 v1.3 Provides the ifluatex switch (HO)
Package ifluatex Info: LuaTeX not detected.
)
(/usr/local/texlive/2012/texmf-dist/tex/generic/oberdiek/ifpdf.sty
Package: ifpdf 2011/01/30 v2.3 Provides the ifpdf switch (HO)
Package ifpdf Info: pdfTeX in PDF mode is detected.
)
Package pdftexcmds Info: LuaTeX not detected.
Package pdftexcmds Info: \pdf@primitive is available.
Package pdftexcmds Info: \pdf@ifprimitive is available.
Package pdftexcmds Info: \pdfdraftmode found.
)
(/usr/local/texlive/2012/texmf-dist/tex/latex/oberdiek/epstopdf-base.sty
Package: epstopdf-base 2010/02/09 v2.5 Base part for package epstopdf

(/usr/local/texlive/2012/texmf-dist/tex/latex/oberdiek/grfext.sty
Package: grfext 2010/08/19 v1.1 Manage graphics extensions (HO)

(/usr/local/texlive/2012/texmf-dist/tex/generic/oberdiek/kvdefinekeys.sty
Package: kvdefinekeys 2011/04/07 v1.3 Define keys (HO)
))
(/usr/local/texlive/2012/texmf-dist/tex/latex/oberdiek/kvoptions.sty
Package: kvoptions 2011/06/30 v3.11 Key value format for package options (HO)

(/usr/local/texlive/2012/texmf-dist/tex/generic/oberdiek/kvsetkeys.sty
Package: kvsetkeys 2012/04/25 v1.16 Key value parser (HO)

(/usr/local/texlive/2012/texmf-dist/tex/generic/oberdiek/etexcmds.sty
Package: etexcmds 2011/02/16 v1.5 Avoid name clashes with e-TeX commands (HO)
Package etexcmds Info: Could not find \expanded.
(etexcmds)             That can mean that you are not using pdfTeX 1.50 or
(etexcmds)             that some package has redefined \expanded.
(etexcmds)             In the latter case, load this package earlier.
)))
Package grfext Info: Graphics extension search list:
(grfext)             [.png,.pdf,.jpg,.mps,.jpeg,.jbig2,.jb2,.PNG,.PDF,.JPG,.JPE
G,.JBIG2,.JB2,.eps]
(grfext)             \AppendGraphicsExtensions on input line 452.

(/usr/local/texlive/2012/texmf-dist/tex/latex/latexconfig/epstopdf-sys.cfg
File: epstopdf-sys.cfg 2010/07/13 v1.3 Configuration of (r)epstopdf for TeX Liv
e
))
\openout3 = `manuscript.v0Notes.bib'.

LaTeX Font Info:    Try loading font information for U+msa on input line 32.

(/usr/local/texlive/2012/texmf-dist/tex/latex/amsfonts/umsa.fd
File: umsa.fd 2009/06/22 v3.00 AMS symbols A
)
LaTeX Font Info:    Try loading font information for U+msb on input line 32.

(/usr/local/texlive/2012/texmf-dist/tex/latex/amsfonts/umsb.fd
File: umsb.fd 2009/06/22 v3.00 AMS symbols B
)

Package natbib Warning: Citation `x' on page 1 undefined on input line 66.


Package natbib Warning: Citation `x' on page 1 undefined on input line 72.


Package natbib Warning: Citation `x' on page 1 undefined on input line 73.


Package natbib Warning: Citation `x' on page 1 undefined on input line 75.


Package natbib Warning: Citation `x' on page 1 undefined on input line 76.


Underfull \hbox (badness 2376) in paragraph at lines 61--77
[]\OT1/cmr/m/n/10 The in-ter-play of dif-fer-ent or-ders, si-mul-ta-ne-ously
 []


Underfull \hbox (badness 1009) in paragraph at lines 61--77
\OT1/cmr/m/n/10 present in the same sys-tem, is of a great in-ter-est
 []


Package natbib Warning: Citation `x' on page 1 undefined on input line 81.


Package natbib Warning: Citation `x' on page 1 undefined on input line 82.

Package epstopdf Info: Source file: <Fig1.eps>
(epstopdf)                    date: 2013-09-12 15:45:43
(epstopdf)                    size: 34663 bytes
(epstopdf)             Output file: <Fig1-eps-converted-to.pdf>
(epstopdf)                    date: 2013-09-23 16:50:28
(epstopdf)                    size: 11115 bytes
(epstopdf)             Command: <repstopdf --outfile=Fig1-eps-converted-to.pdf 
Fig1.eps>
(epstopdf)             \includegraphics on input line 86.
Package epstopdf Info: Output file is already uptodate.
<Fig1-eps-converted-to.pdf, id=1, 542.025pt x 379.4175pt>
File: Fig1-eps-converted-to.pdf Graphic file (type pdf)

<use Fig1-eps-converted-to.pdf>
Package pdftex.def Info: Fig1-eps-converted-to.pdf used on input line 86.
(pdftex.def)             Requested size: 123.0pt x 86.09471pt.


Package natbib Warning: Citation `cecoin5_Bianchi' on page 1 undefined on input
 line 102.


Package natbib Warning: Citation `cecoin5_Kenzelmann' on page 1 undefined on in
put line 102.


Package natbib Warning: Citation `cecoin5_Kenzelmann2' on page 1 undefined on i
nput line 102.


Package natbib Warning: Citation `cecoin5_Bianchi' on page 1 undefined on input
 line 106.


Package natbib Warning: Citation `cecoin5_Kenzelmann' on page 1 undefined on in
put line 106.


Package natbib Warning: Citation `cecoin5_Kenzelmann2' on page 1 undefined on i
nput line 106.


Package natbib Warning: Citation `doped_cecoin5' on page 1 undefined on input l
ine 111.


Package natbib Warning: Citation `cecoin5_Kenzelmann' on page 1 undefined on in
put line 111.


Package natbib Warning: Citation `cecoin5_Kenzelmann2' on page 1 undefined on i
nput line 111.


Package natbib Warning: Citation `cecoin5_magnetism_chapter' on page 1 undefine
d on input line 111.


Package natbib Warning: Citation `cecoin5_Kenzelmann2' on page 1 undefined on i
nput line 118.


Package natbib Warning: Citation `sc_sdw_anton' on page 1 undefined on input li
ne 127.


Package natbib Warning: Citation `mag_afm_fflo_sigrist' on page 1 undefined on 
input line 127.


Package natbib Warning: Citation `fflo_pen_depth' on page 1 undefined on input 
line 127.


Package natbib Warning: Citation `sc_afm_kato' on page 1 undefined on input lin
e 127.


Package natbib Warning: Citation `sc_afm_ikeda' on page 1 undefined on input li
ne 127.


Package natbib Warning: Citation `sdw_vortex' on page 1 undefined on input line
 127.


Package natbib Warning: Citation `cecoin5_Kenzelmann2' on page 1 undefined on i
nput line 131.


Package natbib Warning: Citation `cooperPairsCeCoIn5' on page 1 undefined on in
put line 131.

[1{/usr/local/texlive/2012/texmf-var/fonts/map/pdftex/updmap/pdftex.map} <./Fig
1-eps-converted-to.pdf>]

Package natbib Warning: Citation `mahan' on page 2 undefined on input line 173.



LaTeX Warning: Reference `eq:modelH' on page 2 undefined on input line 190.


Underfull \hbox (badness 1142) in paragraph at lines 184--191
\OT1/cmr/m/n/10 with $\OT1/cmr/bx/n/10 S\OT1/cmr/m/n/10 (\OT1/cmr/bx/n/10 r\OML
/cmm/m/it/10 ; t\OT1/cmr/m/n/10 ) = [][] \OML/cmm/m/it/10  []\OT1/cmr/m/n/10 (\
OT1/cmr/bx/n/10 r\OML/cmm/m/it/10 ; t\OT1/cmr/m/n/10 ) [][] \OML/cmm/m/it/10  [
]\OT1/cmr/m/n/10 (\OT1/cmr/bx/n/10 r\OML/cmm/m/it/10 ; t\OT1/cmr/m/n/10 )$, $\O
ML/cmm/m/it/10  []\OT1/cmr/m/n/10 (\OT1/cmr/bx/n/10 r\OML/cmm/m/it/10 ; t\OT1/c
mr/m/n/10 ) =
 []


LaTeX Warning: Reference `ABV_Graf' on page 2 undefined on input line 193.


LaTeX Warning: Reference `eq:susdef' on page 2 undefined on input line 198.


LaTeX Warning: Reference `eq:modelH' on page 2 undefined on input line 199.

[2]

Package natbib Warning: Citation `spin_sus' on page 3 undefined on input line 2
94.


Package natbib Warning: Citation `x' on page 3 undefined on input line 294.

Package epstopdf Info: Source file: <Fig2.eps>
(epstopdf)                    date: 2013-09-03 10:01:40
(epstopdf)                    size: 592274 bytes
(epstopdf)             Output file: <Fig2-eps-converted-to.pdf>
(epstopdf)                    date: 2013-09-11 19:00:56
(epstopdf)                    size: 85462 bytes
(epstopdf)             Command: <repstopdf --outfile=Fig2-eps-converted-to.pdf 
Fig2.eps>
(epstopdf)             \includegraphics on input line 302.
Package epstopdf Info: Output file is already uptodate.
<Fig2-eps-converted-to.pdf, id=46, 542.025pt x 606.265pt>
File: Fig2-eps-converted-to.pdf Graphic file (type pdf)

<use Fig2-eps-converted-to.pdf>
Package pdftex.def Info: Fig2-eps-converted-to.pdf used on input line 302.
(pdftex.def)             Requested size: 233.69925pt x 261.39194pt.
Package epstopdf Info: Source file: <Fig2d.eps>
(epstopdf)                    date: 2013-05-30 18:05:15
(epstopdf)                    size: 25237 bytes
(epstopdf)             Output file: <Fig2d-eps-converted-to.pdf>
(epstopdf)             Command: <repstopdf --outfile=Fig2d-eps-converted-to.pdf
 Fig2d.eps>
(epstopdf)             \includegraphics on input line 303.
runsystem(repstopdf --outfile=Fig2d-eps-converted-to.pdf Fig2d.eps)...executed 
safely (allowed).

Package epstopdf Info: Result file: <Fig2d-eps-converted-to.pdf>
(epstopdf)                    date: 2013-11-13 13:52:37
(epstopdf)                    size: 8220 bytes.

<Fig2d-eps-converted-to.pdf, id=47, 361.35pt x 252.945pt>
File: Fig2d-eps-converted-to.pdf Graphic file (type pdf)

<use Fig2d-eps-converted-to.pdf>
Package pdftex.def Info: Fig2d-eps-converted-to.pdf used on input line 303.
(pdftex.def)             Requested size: 184.5pt x 129.15076pt.


LaTeX Warning: Reference `eq:chi' on page 3 undefined on input line 332.


LaTeX Warning: Reference `fig:qq' on page 3 undefined on input line 349.


LaTeX Warning: Reference `fig:qq' on page 3 undefined on input line 351.


LaTeX Warning: Reference `fig:qq' on page 3 undefined on input line 359.

Package epstopdf Info: Source file: <Fig3.eps>
(epstopdf)                    date: 2013-09-12 20:53:23
(epstopdf)                    size: 41721 bytes
(epstopdf)             Output file: <Fig3-eps-converted-to.pdf>
(epstopdf)                    date: 2013-09-23 16:50:28
(epstopdf)                    size: 8085 bytes
(epstopdf)             Command: <repstopdf --outfile=Fig3-eps-converted-to.pdf 
Fig3.eps>
(epstopdf)             \includegraphics on input line 369.
Package epstopdf Info: Output file is already uptodate.
<Fig3-eps-converted-to.pdf, id=48, 542.025pt x 252.945pt>
File: Fig3-eps-converted-to.pdf Graphic file (type pdf)

<use Fig3-eps-converted-to.pdf>
Package pdftex.def Info: Fig3-eps-converted-to.pdf used on input line 369.
(pdftex.def)             Requested size: 233.69925pt x 109.05756pt.


LaTeX Warning: Reference `fig:qq' on page 3 undefined on input line 390.


LaTeX Warning: Reference `fig:qq' on page 3 undefined on input line 390.


LaTeX Warning: Reference `fig:chi_enh' on page 3 undefined on input line 395.


LaTeX Warning: Reference `fig:qq' on page 3 undefined on input line 398.

[3]

LaTeX Warning: A float is stuck (cannot be placed); try class option [floatfix]
 on input line 406.

Package epstopdf Info: Source file: <Fig4.eps>
(epstopdf)                    date: 2013-09-13 17:13:04
(epstopdf)                    size: 37870 bytes
(epstopdf)             Output file: <Fig4-eps-converted-to.pdf>
(epstopdf)                    date: 2013-09-23 16:50:29
(epstopdf)                    size: 9048 bytes
(epstopdf)             Command: <repstopdf --outfile=Fig4-eps-converted-to.pdf 
Fig4.eps>
(epstopdf)             \includegraphics on input line 410.
Package epstopdf Info: Output file is already uptodate.
<Fig4-eps-converted-to.pdf, id=52, 686.565pt x 252.945pt>
File: Fig4-eps-converted-to.pdf Graphic file (type pdf)

<use Fig4-eps-converted-to.pdf>
Package pdftex.def Info: Fig4-eps-converted-to.pdf used on input line 410.
(pdftex.def)             Requested size: 233.69925pt x 86.09665pt.


LaTeX Warning: Reference `fig:chi_enh' on page 4 undefined on input line 435.


LaTeX Warning: Reference `fig:qq' on page 4 undefined on input line 435.


LaTeX Warning: Reference `fig:qq' on page 4 undefined on input line 435.


LaTeX Warning: Reference `fig:chi_enh' on page 4 undefined on input line 435.


LaTeX Warning: Reference `fig:qq' on page 4 undefined on input line 435.


LaTeX Warning: Reference `fig:qq' on page 4 undefined on input line 435.


LaTeX Warning: Reference `fig:ph.d' on page 4 undefined on input line 444.


LaTeX Warning: Reference `eq:chi' on page 4 undefined on input line 447.


Package natbib Warning: Citation `sc_afm_kato' on page 4 undefined on input lin
e 470.


LaTeX Warning: Reference `fig:qq' on page 4 undefined on input line 473.


Package natbib Warning: Citation `sc_sdw_anton' on page 4 undefined on input li
ne 479.


Package natbib Warning: Citation `mag_afm_fflo_sigrist' on page 4 undefined on 
input line 479.


Package natbib Warning: Citation `fflo_pen_depth' on page 4 undefined on input 
line 479.


Package natbib Warning: Citation `sc_afm_kato' on page 4 undefined on input lin
e 479.


Package natbib Warning: Citation `sc_afm_ikeda' on page 4 undefined on input li
ne 479.


Package natbib Warning: Citation `sdw_vortex' on page 4 undefined on input line
 479.


Package natbib Warning: Citation `cecoin5_Kenzelmann2' on page 4 undefined on i
nput line 479.

No file manuscript.v0.bbl.

Package natbib Warning: There were undefined citations.

[4] [5 <./Fig2-eps-converted-to.pdf> <./Fig2d-eps-converted-to.pdf>] [6 <./Fig3
-eps-converted-to.pdf> <./Fig4-eps-converted-to.pdf>] (./manuscript.v0.aux)

LaTeX Warning: There were undefined references.


LaTeX Warning: Label(s) may have changed. Rerun to get cross-references right .


 ) 
Here is how much of TeX's memory you used:
 4841 strings out of 493488
 60528 string characters out of 3141326
 164683 words of memory out of 3000000
 8077 multiletter control sequences out of 15000+200000
 13067 words of font info for 49 fonts, out of 3000000 for 9000
 957 hyphenation exceptions out of 8191
 38i,10n,26p,1914b,323s stack positions out of 5000i,500n,10000p,200000b,50000s
</usr/local/texlive/2012/texmf-dist/fonts/type1/public/amsfonts/cm/cmbx10.pfb
></usr/local/texlive/2012/texmf-dist/fonts/type1/public/amsfonts/cm/cmbx12.pfb>
</usr/local/texlive/2012/texmf-dist/fonts/type1/public/amsfonts/cm/cmbx6.pfb></
usr/local/texlive/2012/texmf-dist/fonts/type1/public/amsfonts/cm/cmbx7.pfb></us
r/local/texlive/2012/texmf-dist/fonts/type1/public/amsfonts/cm/cmbx9.pfb></usr/
local/texlive/2012/texmf-dist/fonts/type1/public/amsfonts/cm/cmex10.pfb></usr/l
ocal/texlive/2012/texmf-dist/fonts/type1/public/amsfonts/cm/cmmi10.pfb></usr/lo
cal/texlive/2012/texmf-dist/fonts/type1/public/amsfonts/cm/cmmi6.pfb></usr/loca
l/texlive/2012/texmf-dist/fonts/type1/public/amsfonts/cm/cmmi7.pfb></usr/local/
texlive/2012/texmf-dist/fonts/type1/public/amsfonts/cm/cmmi9.pfb></usr/local/te
xlive/2012/texmf-dist/fonts/type1/public/amsfonts/cm/cmmib10.pfb></usr/local/te
xlive/2012/texmf-dist/fonts/type1/public/amsfonts/cm/cmr10.pfb></usr/local/texl
ive/2012/texmf-dist/fonts/type1/public/amsfonts/cm/cmr5.pfb></usr/local/texlive
/2012/texmf-dist/fonts/type1/public/amsfonts/cm/cmr6.pfb></usr/local/texlive/20
12/texmf-dist/fonts/type1/public/amsfonts/cm/cmr7.pfb></usr/local/texlive/2012/
texmf-dist/fonts/type1/public/amsfonts/cm/cmr8.pfb></usr/local/texlive/2012/tex
mf-dist/fonts/type1/public/amsfonts/cm/cmr9.pfb></usr/local/texlive/2012/texmf-
dist/fonts/type1/public/amsfonts/cm/cmsy10.pfb></usr/local/texlive/2012/texmf-d
ist/fonts/type1/public/amsfonts/cm/cmsy5.pfb></usr/local/texlive/2012/texmf-dis
t/fonts/type1/public/amsfonts/cm/cmsy6.pfb></usr/local/texlive/2012/texmf-dist/
fonts/type1/public/amsfonts/cm/cmsy7.pfb></usr/local/texlive/2012/texmf-dist/fo
nts/type1/public/amsfonts/cm/cmsy9.pfb></usr/local/texlive/2012/texmf-dist/font
s/type1/public/amsfonts/cm/cmti9.pfb></usr/local/texlive/2012/texmf-dist/fonts/
type1/public/amsfonts/symbols/msam10.pfb></usr/local/texlive/2012/texmf-dist/fo
nts/type1/public/amsfonts/symbols/msbm10.pfb>
Output written on manuscript.v0.pdf (6 pages, 381025 bytes).
PDF statistics:
 180 PDF objects out of 1000 (max. 8388607)
 128 compressed objects within 2 object streams
 0 named destinations out of 1000 (max. 500000)
 26 words of extra memory for PDF output out of 10000 (max. 10000000)

